Connection failed: SQLSTATE[HY000] [1045] Access denied for user 'root'@'localhost' (using password: YES)Connection failed: SQLSTATE[HY000] [1045] Access denied for user 'root'@'localhost' (using password: YES)Connection failed: SQLSTATE[HY000] [1045] Access denied for user 'root'@'localhost' (using password: YES)Connection failed: SQLSTATE[HY000] [1045] Access denied for user 'root'@'localhost' (using password: YES)Connection failed: SQLSTATE[HY000] [1045] Access denied for user 'root'@'localhost' (using password: YES)Connection failed: SQLSTATE[HY000] [1045] Access denied for user 'root'@'localhost' (using password: YES)Connection failed: SQLSTATE[HY000] [1045] Access denied for user 'root'@'localhost' (using password: YES)Connection failed: SQLSTATE[HY000] [1045] Access denied for user 'root'@'localhost' (using password: YES)Connection failed: SQLSTATE[HY000] [1045] Access denied for user 'root'@'localhost' (using password: YES)Connection failed: SQLSTATE[HY000] [1045] Access denied for user 'root'@'localhost' (using password: YES)
Connection failed: SQLSTATE[HY000] [1045] Access denied for user 'root'@'localhost' (using password: YES)
Connection failed: SQLSTATE[HY000] [1045] Access denied for user 'root'@'localhost' (using password: YES)
SELECT *  FROM ads  WHERE active="1"
SELECT *  FROM ads  WHERE id="1"
SELECT *  FROM ads  WHERE id="5"
SELECT *  FROM ads  WHERE slug="audi-80-1.9-tdi"
SELECT *  FROM ads  WHERE id="5"
2022/02/15 06-18-32 SELECT *  FROM ads  WHERE slug="audi-80-1.9-tdi"
2022/02/15 06-18-32 SELECT *  FROM ads  WHERE id="5"
2022/02/15 18:58:08 SELECT *  FROM ads  WHERE slug="audi-80-1.9-tdi"
2022/02/15 18:58:08 SELECT *  FROM ads  WHERE id="5"
2022/02/15 18:58:17 SELECT *  FROM ads  WHERE slug="audi-80-1.9-tdi"
2022/02/15 18:58:17 SELECT *  FROM ads  WHERE id="5"
2022/02/15 19:03:31 SELECT *  FROM ads  WHERE slug="audi-80-1.9-tdi"
2022/02/15 19:03:31 SELECT *  FROM ads  WHERE id="5"
2022/02/15 19:03:32 SELECT *  FROM ads  WHERE active="1"
2022/02/15 19:03:32 SELECT *  FROM ads  WHERE id="1"
2022/02/15 19:03:32 SELECT *  FROM ads  WHERE id="5"
2022/02/15 19:03:34 SELECT *  FROM ads  WHERE active="1"
2022/02/15 19:03:34 SELECT *  FROM ads  WHERE id="1"
2022/02/15 19:03:34 SELECT *  FROM ads  WHERE id="5"
2022/02/15 19:03:34 SELECT *  FROM ads  WHERE active="1"
2022/02/15 19:03:34 SELECT *  FROM ads  WHERE id="1"
2022/02/15 19:03:34 SELECT *  FROM ads  WHERE id="5"
2022/02/15 19:03:35 SELECT *  FROM ads  WHERE active="1"
2022/02/15 19:03:35 SELECT *  FROM ads  WHERE id="1"
2022/02/15 19:03:35 SELECT *  FROM ads  WHERE id="5"
2022/02/15 19:03:43 SELECT *  FROM ads  WHERE active="1"
2022/02/15 19:03:43 SELECT *  FROM ads  WHERE id="1"
2022/02/15 19:03:43 SELECT *  FROM ads  WHERE id="5"
2022/02/15 19:03:46 SELECT *  FROM cities 
2022/02/15 19:03:46 SELECT *  FROM cities  WHERE id="1"
2022/02/15 19:03:46 SELECT *  FROM cities  WHERE id="2"
2022/02/15 19:03:46 SELECT *  FROM cities  WHERE id="3"
2022/02/15 19:03:46 SELECT *  FROM cities  WHERE id="4"
2022/02/15 19:03:46 SELECT *  FROM cities  WHERE id="5"
2022/02/15 19:07:45 SELECT *  FROM ads  WHERE active="1"
2022/02/15 19:07:45 SELECT *  FROM ads  WHERE id="1"
2022/02/15 19:07:45 SELECT *  FROM ads  WHERE id="5"
2022/02/15 19:07:47 SELECT *  FROM ads  WHERE slug="audi-80-1.9-tdi"
2022/02/15 19:07:47 SELECT *  FROM ads  WHERE id="5"
2022/02/15 19:08:46 SELECT *  FROM ads  WHERE slug="audi-80-1.9-tdi"
2022/02/15 19:08:46 SELECT *  FROM ads  WHERE id="5"
2022/02/15 19:09:54 SELECT *  FROM ads  WHERE slug="audi-80-1.9-tdi"
2022/02/15 19:09:54 SELECT *  FROM ads  WHERE id="5"
2022/02/15 19:12:24 SELECT *  FROM ads  WHERE slug="audi-80-1.9-tdi"
2022/02/15 19:12:24 SELECT *  FROM ads  WHERE id="5"
2022/02/15 19:12:59 SELECT *  FROM ads  WHERE slug="audi-80-1.9-tdi"
2022/02/15 19:12:59 SELECT *  FROM ads  WHERE id="5"
2022/02/15 19:13:05 SELECT *  FROM ads  WHERE active="1"
2022/02/15 19:13:05 SELECT *  FROM ads  WHERE id="1"
2022/02/15 19:13:05 SELECT *  FROM ads  WHERE id="5"
2022/02/15 19:13:08 SELECT *  FROM ads  WHERE active="1"
2022/02/15 19:13:08 SELECT *  FROM ads  WHERE id="1"
2022/02/15 19:13:08 SELECT *  FROM ads  WHERE id="5"
2022/02/15 19:13:10 SELECT *  FROM ads  WHERE slug="audi-80-1.9-tdi"
2022/02/15 19:13:10 SELECT *  FROM ads  WHERE id="5"
2022/02/15 19:13:26 SELECT *  FROM ads  WHERE slug="audi-80-1.9-tdi"
2022/02/15 19:13:26 SELECT *  FROM ads  WHERE id="5"
2022/02/15 19:13:30 SELECT *  FROM ads  WHERE active="1"
2022/02/15 19:13:30 SELECT *  FROM ads  WHERE id="1"
2022/02/15 19:13:30 SELECT *  FROM ads  WHERE id="5"
2022/02/15 19:13:30 SELECT *  FROM ads  WHERE slug="audi-80-1.9-tdi"
2022/02/15 19:13:30 SELECT *  FROM ads  WHERE id="5"
2022/02/15 19:13:31 SELECT *  FROM ads  WHERE slug="audi-80-1.9-tdi"
2022/02/15 19:13:31 SELECT *  FROM ads  WHERE id="5"
2022/02/15 19:13:33 SELECT *  FROM ads  WHERE active="1"
2022/02/15 19:13:33 SELECT *  FROM ads  WHERE id="1"
2022/02/15 19:13:33 SELECT *  FROM ads  WHERE id="5"
2022/02/15 19:14:02 SELECT *  FROM ads  WHERE slug="audi-80-1.9-tdi"
2022/02/15 19:14:02 SELECT *  FROM ads  WHERE id="5"
2022/02/15 19:15:27 SELECT *  FROM ads  WHERE slug="audi-80-1.9-tdi"
2022/02/15 19:15:27 SELECT *  FROM ads  WHERE id="5"
2022/02/15 19:15:43 SELECT *  FROM ads  WHERE slug="audi-80-1.9-tdi"
2022/02/15 19:15:43 SELECT *  FROM ads  WHERE id="5"
2022/02/15 19:16:02 SELECT *  FROM ads  WHERE slug="audi-80-1.9-tdi"
2022/02/15 19:16:02 SELECT *  FROM ads  WHERE id="5"
2022/02/15 19:17:13 SELECT *  FROM ads  WHERE slug="audi-80-1.9-tdi"
2022/02/15 19:17:13 SELECT *  FROM ads  WHERE id="5"
2022/02/15 19:17:37 SELECT *  FROM ads  WHERE slug="audi-80-1.9-tdi"
2022/02/15 19:17:37 SELECT *  FROM ads  WHERE id="5"
2022/02/15 19:18:51 SELECT *  FROM ads  WHERE slug="audi-80-1.9-tdi"
2022/02/15 19:18:51 SELECT *  FROM ads  WHERE id="5"
2022/02/15 19:41:25 SELECT *  FROM ads  WHERE slug="audi-80-1.9-tdi"
2022/02/15 19:41:25 SELECT *  FROM ads  WHERE id="5"
2022/02/15 21:51:43 SELECT *  FROM ads  WHERE slug="audi-80-1.9-tdi"
2022/02/15 21:51:43 SELECT *  FROM ads  WHERE id="5"
2022/02/15 21:53:47 SELECT *  FROM ads  WHERE slug="audi-80-1.9-tdi"
2022/02/15 21:53:47 SELECT *  FROM ads  WHERE id="5"
2022/02/15 21:54:17 SELECT *  FROM ads  WHERE slug="audi-80-1.9-tdi"
2022/02/15 21:54:17 SELECT *  FROM ads  WHERE id="5"
2022/02/15 21:54:18 SELECT *  FROM ads  WHERE active="1"
2022/02/15 21:54:18 SELECT *  FROM ads  WHERE id="1"
2022/02/15 21:54:18 SELECT *  FROM ads  WHERE id="5"
2022/02/15 21:54:21 SELECT *  FROM ads  WHERE active="1"
2022/02/15 21:54:21 SELECT *  FROM ads  WHERE id="1"
2022/02/15 21:54:21 SELECT *  FROM ads  WHERE id="5"
2022/02/15 21:55:41 SELECT *  FROM ads  WHERE slug="audi-80-1.9-tdi"
2022/02/15 21:55:41 SELECT *  FROM ads  WHERE id="5"
2022/02/15 21:55:42 SELECT *  FROM ads  WHERE slug="audi-80-1.9-tdi"
2022/02/15 21:55:42 SELECT *  FROM ads  WHERE id="5"
2022/02/15 21:55:43 SELECT *  FROM ads  WHERE active="1"
2022/02/15 21:55:43 SELECT *  FROM ads  WHERE id="1"
2022/02/15 21:55:43 SELECT *  FROM ads  WHERE id="5"
2022/02/15 21:55:45 SELECT *  FROM cities 
2022/02/15 21:55:45 SELECT *  FROM cities  WHERE id="1"
2022/02/15 21:55:45 SELECT *  FROM cities  WHERE id="2"
2022/02/15 21:55:45 SELECT *  FROM cities  WHERE id="3"
2022/02/15 21:55:45 SELECT *  FROM cities  WHERE id="4"
2022/02/15 21:55:45 SELECT *  FROM cities  WHERE id="5"
2022/02/17 19:35:46 SELECT *  FROM ads  WHERE active="1" ORDER BY views DESC  LIMIT 5
2022/02/17 19:36:49 SELECT *  FROM ads  WHERE active="1" ORDER BY views DESC  LIMIT 5
2022/02/17 19:36:49 SELECT *  FROM ads  WHERE id="1"
2022/02/17 19:36:49 SELECT *  FROM ads  WHERE id="5"
2022/02/17 19:36:49 SELECT *  FROM ads  WHERE active="1" ORDER BY id DESC  LIMIT 5
2022/02/17 19:36:49 SELECT *  FROM ads  WHERE id="5"
2022/02/17 19:36:49 SELECT *  FROM ads  WHERE id="1"
2022/02/17 19:37:01 SELECT *  FROM ads  WHERE active="1"
2022/02/17 19:37:01 SELECT *  FROM ads  WHERE id="1"
2022/02/17 19:37:01 SELECT *  FROM ads  WHERE id="5"
2022/02/17 19:37:03 SELECT *  FROM ads  WHERE slug="audi-80-1.9-tdi"
2022/02/17 19:37:03 SELECT *  FROM ads  WHERE id="5"
2022/02/17 19:37:03 UPDATE ads SET title = 'Audi 80 1.9 TDI',description = 'Kuriasi, vaziuoja',manufacturer_id = '1',model_id = '1',price = '500',year = '1990',type_id = '1',user_id = '10',image = 'https://autoplius-img.dgn.lt/ann_3_211396638/audi-80-1-9-l-sedanas-1993-dyzelinas-3.jpg',active = '1',slug = 'audi-80-1.9-tdi',views = '1' WHERE id="5"
2022/02/17 19:37:07 SELECT *  FROM ads  WHERE slug="audi-80-1.9-tdi"
2022/02/17 19:37:07 SELECT *  FROM ads  WHERE id="5"
2022/02/17 19:37:07 UPDATE ads SET title = 'Audi 80 1.9 TDI',description = 'Kuriasi, vaziuoja',manufacturer_id = '1',model_id = '1',price = '500',year = '1990',type_id = '1',user_id = '10',image = 'https://autoplius-img.dgn.lt/ann_3_211396638/audi-80-1-9-l-sedanas-1993-dyzelinas-3.jpg',active = '1',slug = 'audi-80-1.9-tdi',views = '2' WHERE id="5"
2022/02/17 19:37:07 SELECT *  FROM ads  WHERE slug="audi-80-1.9-tdi"
2022/02/17 19:37:07 SELECT *  FROM ads  WHERE id="5"
2022/02/17 19:37:07 UPDATE ads SET title = 'Audi 80 1.9 TDI',description = 'Kuriasi, vaziuoja',manufacturer_id = '1',model_id = '1',price = '500',year = '1990',type_id = '1',user_id = '10',image = 'https://autoplius-img.dgn.lt/ann_3_211396638/audi-80-1-9-l-sedanas-1993-dyzelinas-3.jpg',active = '1',slug = 'audi-80-1.9-tdi',views = '3' WHERE id="5"
2022/02/17 19:39:30 SELECT *  FROM ads  WHERE active="1"
2022/02/17 19:39:30 SELECT *  FROM ads  WHERE id="1"
2022/02/17 19:39:30 SELECT *  FROM ads  WHERE id="5"
2022/02/17 19:40:46 SELECT *  FROM ads  WHERE active="1"
2022/02/17 19:40:46 SELECT *  FROM ads  WHERE id="1"
2022/02/17 19:40:46 SELECT *  FROM ads  WHERE id="5"
2022/02/17 19:40:46 SELECT *  FROM ads  WHERE active="1"
2022/02/17 19:40:46 SELECT *  FROM ads  WHERE id="1"
2022/02/17 19:40:46 SELECT *  FROM ads  WHERE id="5"
2022/02/17 19:41:30 SELECT *  FROM ads  WHERE active="1"
2022/02/17 19:41:30 SELECT *  FROM ads  WHERE id="1"
2022/02/17 19:41:30 SELECT *  FROM ads  WHERE id="5"
2022/02/17 19:41:36 SELECT *  FROM ads  WHERE active="1"
2022/02/17 19:41:36 SELECT *  FROM ads  WHERE id="1"
2022/02/17 19:41:36 SELECT *  FROM ads  WHERE id="5"
2022/02/17 19:41:40 SELECT *  FROM ads  WHERE active="1"
2022/02/17 19:41:40 SELECT *  FROM ads  WHERE id="1"
2022/02/17 19:41:40 SELECT *  FROM ads  WHERE id="5"
2022/02/17 19:41:49 SELECT *  FROM ads  WHERE active="1"
2022/02/17 19:41:49 SELECT *  FROM ads  WHERE id="1"
2022/02/17 19:41:49 SELECT *  FROM ads  WHERE id="5"
2022/02/17 19:41:53 SELECT *  FROM ads  WHERE active="1"
2022/02/17 19:41:53 SELECT *  FROM ads  WHERE id="1"
2022/02/17 19:41:53 SELECT *  FROM ads  WHERE id="5"
2022/02/17 19:42:34 SELECT *  FROM ads  WHERE active="1"
2022/02/17 19:42:34 SELECT *  FROM ads  WHERE id="1"
2022/02/17 19:42:34 SELECT *  FROM ads  WHERE id="5"
2022/02/17 19:42:35 SELECT *  FROM ads  WHERE active="1"
2022/02/17 19:42:35 SELECT *  FROM ads  WHERE id="1"
2022/02/17 19:42:35 SELECT *  FROM ads  WHERE id="5"
2022/02/17 19:42:39 SELECT *  FROM ads  WHERE active="1"
2022/02/17 19:42:39 SELECT *  FROM ads  WHERE id="1"
2022/02/17 19:42:39 SELECT *  FROM ads  WHERE id="5"
2022/02/17 19:42:41 SELECT *  FROM ads  WHERE active="1"
2022/02/17 19:42:41 SELECT *  FROM ads  WHERE id="1"
2022/02/17 19:42:41 SELECT *  FROM ads  WHERE id="5"
2022/02/17 19:42:44 SELECT *  FROM ads  WHERE active="1" ORDER BY views DESC  LIMIT 5
2022/02/17 19:42:44 SELECT *  FROM ads  WHERE id="5"
2022/02/17 19:42:44 SELECT *  FROM ads  WHERE id="1"
2022/02/17 19:42:44 SELECT *  FROM ads  WHERE active="1" ORDER BY id DESC  LIMIT 5
2022/02/17 19:42:44 SELECT *  FROM ads  WHERE id="5"
2022/02/17 19:42:44 SELECT *  FROM ads  WHERE id="1"
2022/02/17 19:42:44 SELECT *  FROM ads  WHERE active="1"
2022/02/17 19:42:44 SELECT *  FROM ads  WHERE id="1"
2022/02/17 19:42:44 SELECT *  FROM ads  WHERE id="5"
2022/02/17 19:43:21 SELECT *  FROM ads  WHERE active="1"
2022/02/17 19:43:21 SELECT *  FROM ads  WHERE id="1"
2022/02/17 19:43:21 SELECT *  FROM ads  WHERE id="5"
2022/02/17 19:43:38 SELECT *  FROM ads  WHERE active="1"
2022/02/17 19:43:38 SELECT *  FROM ads  WHERE id="5"
2022/02/17 19:43:41 SELECT *  FROM ads  WHERE slug="audi-80-1.9-tdi"
2022/02/17 19:43:41 SELECT *  FROM ads  WHERE id="5"
2022/02/17 19:43:41 UPDATE ads SET title = 'Audi 80 1.9 TDI',description = 'Kuriasi, vaziuoja',manufacturer_id = '1',model_id = '1',price = '500',year = '1990',type_id = '1',user_id = '10',image = 'https://autoplius-img.dgn.lt/ann_3_211396638/audi-80-1-9-l-sedanas-1993-dyzelinas-3.jpg',active = '1',slug = 'audi-80-1.9-tdi',views = '4' WHERE id="5"
2022/02/17 19:46:17 SELECT *  FROM ads  WHERE slug="audi-80-1.9-tdi"
2022/02/17 19:46:17 SELECT *  FROM ads  WHERE id="5"
2022/02/17 19:46:17 UPDATE ads SET title = 'Audi 80 1.9 TDI',description = 'Kuriasi, vaziuoja',manufacturer_id = '1',model_id = '1',price = '500',year = '1990',type_id = '1',user_id = '10',image = 'https://autoplius-img.dgn.lt/ann_3_211396638/audi-80-1-9-l-sedanas-1993-dyzelinas-3.jpg',active = '1',slug = 'audi-80-1.9-tdi',views = '5' WHERE id="5"
2022/02/17 19:46:19 SELECT *  FROM ads  WHERE slug="audi-80-1.9-tdi"
2022/02/17 19:46:19 SELECT *  FROM ads  WHERE id="5"
2022/02/17 19:46:19 UPDATE ads SET title = 'Audi 80 1.9 TDI',description = 'Kuriasi, vaziuoja',manufacturer_id = '1',model_id = '1',price = '500',year = '1990',type_id = '1',user_id = '10',image = 'https://autoplius-img.dgn.lt/ann_3_211396638/audi-80-1-9-l-sedanas-1993-dyzelinas-3.jpg',active = '1',slug = 'audi-80-1.9-tdi',views = '6' WHERE id="5"
2022/02/17 19:46:20 SELECT *  FROM ads  WHERE slug="audi-80-1.9-tdi"
2022/02/17 19:46:20 SELECT *  FROM ads  WHERE id="5"
2022/02/17 19:46:20 UPDATE ads SET title = 'Audi 80 1.9 TDI',description = 'Kuriasi, vaziuoja',manufacturer_id = '1',model_id = '1',price = '500',year = '1990',type_id = '1',user_id = '10',image = 'https://autoplius-img.dgn.lt/ann_3_211396638/audi-80-1-9-l-sedanas-1993-dyzelinas-3.jpg',active = '1',slug = 'audi-80-1.9-tdi',views = '7' WHERE id="5"
